  [1m[35m (4.1ms)[0m  [1m[35mCREATE TABLE "schema_migrations" ("version" varchar NOT NULL PRIMARY KEY) /*application='FantastyF1League'*/[0m
  [1m[35m (0.2ms)[0m  [1m[35mCREATE TABLE "ar_internal_metadata" ("key" varchar NOT NULL PRIMARY KEY, "value" varchar, "created_at" datetime(6) NOT NULL, "updated_at" datetime(6) NOT NULL) /*application='FantastyF1League'*/[0m
  [1m[36mActiveRecord::InternalMetadata Load (0.2ms)[0m  [1m[34mSELECT * FROM "ar_internal_metadata" WHERE "ar_internal_metadata"."key" = 'environment' ORDER BY "ar_internal_metadata"."key" ASC LIMIT 1 /*application='FantastyF1League'*/[0m
  [1m[36mActiveRecord::InternalMetadata Create (0.2ms)[0m  [1m[32mINSERT INTO "ar_internal_metadata" ("key", "value", "created_at", "updated_at") VALUES ('environment', 'development', '2025-08-02 09:23:01.249592', '2025-08-02 09:23:01.249597') RETURNING "key" /*application='FantastyF1League'*/[0m
  [1m[36mActiveRecord::SchemaMigration Load (0.3ms)[0m  [1m[34mSELECT "schema_migrations"."version" FROM "schema_migrations" ORDER BY "schema_migrations"."version" ASC /*application='FantastyF1League'*/[0m
Started GET "/" for ::1 at 2025-08-02 19:24:40 +1000
  [1m[36mActiveRecord::SchemaMigration Load (1.0ms)[0m  [1m[34mSELECT "schema_migrations"."version" FROM "schema_migrations" ORDER BY "schema_migrations"."version" ASC /*application='FantastyF1League'*/[0m
Processing by Rails::WelcomeController#index as HTML
  Rendering /home/rumorz/.local/share/gem/ruby/gems/railties-8.0.2/lib/rails/templates/rails/welcome/index.html.erb
  Rendered /home/rumorz/.local/share/gem/ruby/gems/railties-8.0.2/lib/rails/templates/rails/welcome/index.html.erb (Duration: 1.7ms | GC: 0.0ms)
Completed 200 OK in 62ms (Views: 9.7ms | ActiveRecord: 0.0ms (0 queries, 0 cached) | GC: 0.0ms)


Started GET "/" for ::1 at 2025-08-02 19:25:50 +1000
Processing by Rails::WelcomeController#index as HTML
  Rendering /home/rumorz/.local/share/gem/ruby/gems/railties-8.0.2/lib/rails/templates/rails/welcome/index.html.erb
  Rendered /home/rumorz/.local/share/gem/ruby/gems/railties-8.0.2/lib/rails/templates/rails/welcome/index.html.erb (Duration: 0.2ms | GC: 0.0ms)
Completed 200 OK in 12ms (Views: 0.8ms | ActiveRecord: 0.0ms (0 queries, 0 cached) | GC: 0.0ms)


Started GET "/" for ::1 at 2025-08-02 20:07:47 +1000
  [1m[36mActiveRecord::SchemaMigration Load (1.0ms)[0m  [1m[34mSELECT "schema_migrations"."version" FROM "schema_migrations" ORDER BY "schema_migrations"."version" ASC /*application='FantastyF1League'*/[0m
Processing by Rails::WelcomeController#index as HTML
  Rendering /home/rumorz/.local/share/gem/ruby/gems/railties-8.0.2/lib/rails/templates/rails/welcome/index.html.erb
  Rendered /home/rumorz/.local/share/gem/ruby/gems/railties-8.0.2/lib/rails/templates/rails/welcome/index.html.erb (Duration: 1.9ms | GC: 0.0ms)
Completed 200 OK in 49ms (Views: 6.6ms | ActiveRecord: 0.0ms (0 queries, 0 cached) | GC: 0.0ms)


Started GET "/" for ::1 at 2025-08-02 20:07:49 +1000
Processing by Rails::WelcomeController#index as HTML
  Rendering /home/rumorz/.local/share/gem/ruby/gems/railties-8.0.2/lib/rails/templates/rails/welcome/index.html.erb
  Rendered /home/rumorz/.local/share/gem/ruby/gems/railties-8.0.2/lib/rails/templates/rails/welcome/index.html.erb (Duration: 0.2ms | GC: 0.0ms)
Completed 200 OK in 16ms (Views: 1.0ms | ActiveRecord: 0.0ms (0 queries, 0 cached) | GC: 0.0ms)


  [1m[36mActiveRecord::InternalMetadata Load (0.2ms)[0m  [1m[34mSELECT * FROM "ar_internal_metadata" WHERE "ar_internal_metadata"."key" = 'environment' ORDER BY "ar_internal_metadata"."key" ASC LIMIT 1 /*application='FantastyF1League'*/[0m
  [1m[36mActiveRecord::SchemaMigration Load (0.1ms)[0m  [1m[34mSELECT "schema_migrations"."version" FROM "schema_migrations" ORDER BY "schema_migrations"."version" ASC /*application='FantastyF1League'*/[0m
Started GET "/" for ::1 at 2025-08-02 20:09:53 +1000
  [1m[36mActiveRecord::SchemaMigration Load (0.9ms)[0m  [1m[34mSELECT "schema_migrations"."version" FROM "schema_migrations" ORDER BY "schema_migrations"."version" ASC /*application='FantastyF1League'*/[0m
Processing by Rails::WelcomeController#index as HTML
  Rendering /home/rumorz/.local/share/gem/ruby/gems/railties-8.0.2/lib/rails/templates/rails/welcome/index.html.erb
  Rendered /home/rumorz/.local/share/gem/ruby/gems/railties-8.0.2/lib/rails/templates/rails/welcome/index.html.erb (Duration: 1.5ms | GC: 0.0ms)
Completed 200 OK in 43ms (Views: 5.0ms | ActiveRecord: 0.0ms (0 queries, 0 cached) | GC: 0.0ms)


Started GET "/" for ::1 at 2025-08-02 20:14:59 +1000
  [1m[36mActiveRecord::SchemaMigration Load (1.1ms)[0m  [1m[34mSELECT "schema_migrations"."version" FROM "schema_migrations" ORDER BY "schema_migrations"."version" ASC /*application='FantastyF1League'*/[0m
Processing by Rails::WelcomeController#index as HTML
  Rendering /home/rumorz/.local/share/gem/ruby/gems/railties-8.0.2/lib/rails/templates/rails/welcome/index.html.erb
  Rendered /home/rumorz/.local/share/gem/ruby/gems/railties-8.0.2/lib/rails/templates/rails/welcome/index.html.erb (Duration: 1.7ms | GC: 0.0ms)
Completed 200 OK in 64ms (Views: 10.0ms | ActiveRecord: 0.0ms (0 queries, 0 cached) | GC: 0.0ms)


Started GET "/" for ::1 at 2025-08-02 20:15:13 +1000
Processing by Rails::WelcomeController#index as HTML
  Rendering /home/rumorz/.local/share/gem/ruby/gems/railties-8.0.2/lib/rails/templates/rails/welcome/index.html.erb
  Rendered /home/rumorz/.local/share/gem/ruby/gems/railties-8.0.2/lib/rails/templates/rails/welcome/index.html.erb (Duration: 0.2ms | GC: 0.0ms)
Completed 200 OK in 24ms (Views: 0.6ms | ActiveRecord: 0.0ms (0 queries, 0 cached) | GC: 0.0ms)


Started GET "/" for ::1 at 2025-08-02 20:15:21 +1000
Processing by Rails::WelcomeController#index as HTML
  Rendering /home/rumorz/.local/share/gem/ruby/gems/railties-8.0.2/lib/rails/templates/rails/welcome/index.html.erb
  Rendered /home/rumorz/.local/share/gem/ruby/gems/railties-8.0.2/lib/rails/templates/rails/welcome/index.html.erb (Duration: 0.2ms | GC: 0.0ms)
Completed 200 OK in 22ms (Views: 4.3ms | ActiveRecord: 0.0ms (0 queries, 0 cached) | GC: 0.0ms)


Started GET "/" for 127.0.0.1 at 2025-08-02 20:18:20 +1000
Processing by Rails::WelcomeController#index as HTML
  Rendering /home/rumorz/.local/share/gem/ruby/gems/railties-8.0.2/lib/rails/templates/rails/welcome/index.html.erb
  Rendered /home/rumorz/.local/share/gem/ruby/gems/railties-8.0.2/lib/rails/templates/rails/welcome/index.html.erb (Duration: 0.2ms | GC: 0.0ms)
Completed 200 OK in 17ms (Views: 1.0ms | ActiveRecord: 0.0ms (0 queries, 0 cached) | GC: 0.0ms)


  [1m[36mActiveRecord::InternalMetadata Load (0.2ms)[0m  [1m[34mSELECT * FROM "ar_internal_metadata" WHERE "ar_internal_metadata"."key" = 'environment' ORDER BY "ar_internal_metadata"."key" ASC LIMIT 1 /*application='FantastyF1League'*/[0m
  [1m[36mActiveRecord::SchemaMigration Load (0.1ms)[0m  [1m[34mSELECT "schema_migrations"."version" FROM "schema_migrations" ORDER BY "schema_migrations"."version" ASC /*application='FantastyF1League'*/[0m
Started GET "/" for ::1 at 2025-08-02 20:20:59 +1000
  [1m[36mActiveRecord::SchemaMigration Load (1.2ms)[0m  [1m[34mSELECT "schema_migrations"."version" FROM "schema_migrations" ORDER BY "schema_migrations"."version" ASC /*application='FantastyF1League'*/[0m
Processing by Rails::WelcomeController#index as HTML
  Rendering /home/rumorz/.local/share/gem/ruby/gems/railties-8.0.2/lib/rails/templates/rails/welcome/index.html.erb
  Rendered /home/rumorz/.local/share/gem/ruby/gems/railties-8.0.2/lib/rails/templates/rails/welcome/index.html.erb (Duration: 1.4ms | GC: 0.0ms)
Completed 200 OK in 45ms (Views: 5.0ms | ActiveRecord: 0.0ms (0 queries, 0 cached) | GC: 0.0ms)


Started HEAD "/" for ::1 at 2025-08-02 20:22:18 +1000
  [1m[36mActiveRecord::SchemaMigration Load (1.1ms)[0m  [1m[34mSELECT "schema_migrations"."version" FROM "schema_migrations" ORDER BY "schema_migrations"."version" ASC /*application='FantastyF1League'*/[0m
Processing by Rails::WelcomeController#index as */*
  Rendering /home/rumorz/.local/share/gem/ruby/gems/railties-8.0.2/lib/rails/templates/rails/welcome/index.html.erb
  Rendered /home/rumorz/.local/share/gem/ruby/gems/railties-8.0.2/lib/rails/templates/rails/welcome/index.html.erb (Duration: 1.5ms | GC: 0.0ms)
Completed 200 OK in 41ms (Views: 5.0ms | ActiveRecord: 0.0ms (0 queries, 0 cached) | GC: 0.0ms)


Started GET "/" for ::1 at 2025-08-02 20:22:21 +1000
Processing by Rails::WelcomeController#index as */*
  Rendering /home/rumorz/.local/share/gem/ruby/gems/railties-8.0.2/lib/rails/templates/rails/welcome/index.html.erb
  Rendered /home/rumorz/.local/share/gem/ruby/gems/railties-8.0.2/lib/rails/templates/rails/welcome/index.html.erb (Duration: 0.2ms | GC: 0.0ms)
Completed 200 OK in 13ms (Views: 1.8ms | ActiveRecord: 0.0ms (0 queries, 0 cached) | GC: 0.0ms)


Started GET "/" for ::1 at 2025-08-02 20:22:21 +1000
Processing by Rails::WelcomeController#index as HTML
  Rendering /home/rumorz/.local/share/gem/ruby/gems/railties-8.0.2/lib/rails/templates/rails/welcome/index.html.erb
  Rendered /home/rumorz/.local/share/gem/ruby/gems/railties-8.0.2/lib/rails/templates/rails/welcome/index.html.erb (Duration: 0.3ms | GC: 0.0ms)
Completed 200 OK in 21ms (Views: 1.4ms | ActiveRecord: 0.0ms (0 queries, 0 cached) | GC: 0.0ms)


Started GET "/" for ::1 at 2025-08-02 20:23:09 +1000
  [1m[36mActiveRecord::SchemaMigration Load (1.0ms)[0m  [1m[34mSELECT "schema_migrations"."version" FROM "schema_migrations" ORDER BY "schema_migrations"."version" ASC /*application='FantastyF1League'*/[0m
Processing by Rails::WelcomeController#index as HTML
  Rendering /home/rumorz/.local/share/gem/ruby/gems/railties-8.0.2/lib/rails/templates/rails/welcome/index.html.erb
  Rendered /home/rumorz/.local/share/gem/ruby/gems/railties-8.0.2/lib/rails/templates/rails/welcome/index.html.erb (Duration: 1.6ms | GC: 0.0ms)
Completed 200 OK in 62ms (Views: 9.9ms | ActiveRecord: 0.0ms (0 queries, 0 cached) | GC: 0.0ms)


Started GET "/" for ::1 at 2025-08-02 20:25:38 +1000
  [1m[36mActiveRecord::SchemaMigration Load (1.1ms)[0m  [1m[34mSELECT "schema_migrations"."version" FROM "schema_migrations" ORDER BY "schema_migrations"."version" ASC /*application='FantastyF1League'*/[0m
Processing by Rails::WelcomeController#index as HTML
  Rendering /home/rumorz/.local/share/gem/ruby/gems/railties-8.0.2/lib/rails/templates/rails/welcome/index.html.erb
  Rendered /home/rumorz/.local/share/gem/ruby/gems/railties-8.0.2/lib/rails/templates/rails/welcome/index.html.erb (Duration: 1.6ms | GC: 0.0ms)
Completed 200 OK in 42ms (Views: 5.0ms | ActiveRecord: 0.0ms (0 queries, 0 cached) | GC: 0.0ms)


Started GET "/" for ::1 at 2025-08-02 20:34:01 +1000
  [1m[36mActiveRecord::SchemaMigration Load (1.1ms)[0m  [1m[34mSELECT "schema_migrations"."version" FROM "schema_migrations" ORDER BY "schema_migrations"."version" ASC /*application='FantastyF1League'*/[0m
Processing by PagesController#home as HTML
  Rendering layout layouts/application.html.erb
  Rendering pages/home.html.erb within layouts/application
  Rendered pages/home.html.erb within layouts/application (Duration: 0.8ms | GC: 0.0ms)
  Rendered layout layouts/application.html.erb (Duration: 40.8ms | GC: 15.9ms)
Completed 200 OK in 140ms (Views: 55.4ms | ActiveRecord: 0.0ms (0 queries, 0 cached) | GC: 17.1ms)


Started GET "/assets/application-8b441ae0.css" for ::1 at 2025-08-02 20:34:02 +1000
Started GET "/assets/application-bfcdf840.js" for ::1 at 2025-08-02 20:34:02 +1000
Started GET "/assets/controllers/application-3affb389.js" for ::1 at 2025-08-02 20:34:02 +1000
Started GET "/assets/controllers/hello_controller-708796bd.js" for ::1 at 2025-08-02 20:34:02 +1000
Started GET "/assets/controllers/index-ee64e1f1.js" for ::1 at 2025-08-02 20:34:02 +1000
Started GET "/assets/turbo.min-3a2e143f.js" for ::1 at 2025-08-02 20:34:02 +1000
Started GET "/assets/stimulus-loading-1fc53fe7.js" for ::1 at 2025-08-02 20:34:02 +1000
Started GET "/assets/stimulus.min-4b1e420e.js" for ::1 at 2025-08-02 20:34:02 +1000
Started GET "/" for ::1 at 2025-08-02 20:34:36 +1000
  [1m[36mActiveRecord::SchemaMigration Load (1.1ms)[0m  [1m[34mSELECT "schema_migrations"."version" FROM "schema_migrations" ORDER BY "schema_migrations"."version" ASC /*application='FantastyF1League'*/[0m
Processing by PagesController#home as HTML
  Rendering layout layouts/application.html.erb
  Rendering pages/home.html.erb within layouts/application
  Rendered pages/home.html.erb within layouts/application (Duration: 0.8ms | GC: 0.0ms)
  Rendered layout layouts/application.html.erb (Duration: 30.4ms | GC: 0.0ms)
Completed 200 OK in 83ms (Views: 40.0ms | ActiveRecord: 0.0ms (0 queries, 0 cached) | GC: 0.0ms)


Started GET "/" for ::1 at 2025-08-02 20:34:38 +1000
Processing by PagesController#home as HTML
  Rendering layout layouts/application.html.erb
  Rendering pages/home.html.erb within layouts/application
  Rendered pages/home.html.erb within layouts/application (Duration: 0.1ms | GC: 0.0ms)
  Rendered layout layouts/application.html.erb (Duration: 3.8ms | GC: 0.0ms)
Completed 200 OK in 18ms (Views: 4.7ms | ActiveRecord: 0.0ms (0 queries, 0 cached) | GC: 0.0ms)


Started GET "/" for ::1 at 2025-08-02 20:35:57 +1000
Processing by PagesController#home as HTML
  Rendering layout layouts/application.html.erb
  Rendering pages/home.html.erb within layouts/application
  Rendered pages/home.html.erb within layouts/application (Duration: 1.0ms | GC: 0.0ms)
  Rendered layout layouts/application.html.erb (Duration: 16.4ms | GC: 0.0ms)
Completed 200 OK in 34ms (Views: 18.1ms | ActiveRecord: 0.0ms (0 queries, 0 cached) | GC: 0.0ms)


Started GET "/" for ::1 at 2025-08-02 20:48:03 +1000
  [1m[36mActiveRecord::SchemaMigration Load (1.2ms)[0m  [1m[34mSELECT "schema_migrations"."version" FROM "schema_migrations" ORDER BY "schema_migrations"."version" ASC /*application='FantastyF1League'*/[0m
Processing by PagesController#home as HTML
  Rendering layout layouts/application.html.erb
  Rendering pages/home.html.erb within layouts/application
  Rendered pages/home.html.erb within layouts/application (Duration: 1.4ms | GC: 0.0ms)
  Rendered layout layouts/application.html.erb (Duration: 29.6ms | GC: 0.0ms)
Completed 200 OK in 94ms (Views: 40.9ms | ActiveRecord: 0.0ms (0 queries, 0 cached) | GC: 0.0ms)


Started GET "/assets/tailwind-2c365c19.css" for ::1 at 2025-08-02 20:48:03 +1000
Started GET "/favicon.ico" for ::1 at 2025-08-02 20:48:04 +1000
  
ActionController::RoutingError (No route matches [GET] "/favicon.ico"):
  
Started GET "/" for ::1 at 2025-08-02 20:50:26 +1000
Processing by PagesController#home as HTML
  Rendering layout layouts/application.html.erb
  Rendering pages/home.html.erb within layouts/application
  Rendered pages/home.html.erb within layouts/application (Duration: 5.1ms | GC: 0.0ms)
  Rendered layout layouts/application.html.erb (Duration: 21.7ms | GC: 0.0ms)
Completed 200 OK in 60ms (Views: 29.9ms | ActiveRecord: 0.0ms (0 queries, 0 cached) | GC: 0.0ms)


Started GET "/" for ::1 at 2025-08-02 20:52:08 +1000
Processing by PagesController#home as HTML
  Rendering layout layouts/application.html.erb
  Rendering pages/home.html.erb within layouts/application
  Rendered pages/home.html.erb within layouts/application (Duration: 1.8ms | GC: 0.0ms)
  Rendered layout layouts/application.html.erb (Duration: 11.0ms | GC: 0.0ms)
Completed 200 OK in 36ms (Views: 17.1ms | ActiveRecord: 0.0ms (0 queries, 0 cached) | GC: 0.0ms)


Started GET "/" for ::1 at 2025-08-02 20:53:42 +1000
Processing by PagesController#home as HTML
  Rendering layout layouts/application.html.erb
  Rendering pages/home.html.erb within layouts/application
  Rendered pages/home.html.erb within layouts/application (Duration: 1.5ms | GC: 0.0ms)
  Rendered layout layouts/application.html.erb (Duration: 13.6ms | GC: 3.9ms)
Completed 200 OK in 40ms (Views: 17.4ms | ActiveRecord: 0.0ms (0 queries, 0 cached) | GC: 6.3ms)


Started GET "/" for ::1 at 2025-08-02 20:53:58 +1000
Processing by PagesController#home as HTML
  Rendering layout layouts/application.html.erb
  Rendering pages/home.html.erb within layouts/application
  Rendered pages/home.html.erb within layouts/application (Duration: 0.5ms | GC: 0.0ms)
  Rendered layout layouts/application.html.erb (Duration: 5.7ms | GC: 1.4ms)
Completed 200 OK in 38ms (Views: 6.6ms | ActiveRecord: 0.0ms (0 queries, 0 cached) | GC: 2.0ms)


Started GET "/" for ::1 at 2025-08-02 20:54:02 +1000
Processing by PagesController#home as HTML
  Rendering layout layouts/application.html.erb
  Rendering pages/home.html.erb within layouts/application
  Rendered pages/home.html.erb within layouts/application (Duration: 0.7ms | GC: 0.2ms)
  Rendered layout layouts/application.html.erb (Duration: 5.6ms | GC: 1.3ms)
Completed 200 OK in 31ms (Views: 7.0ms | ActiveRecord: 0.0ms (0 queries, 0 cached) | GC: 1.4ms)


Started GET "/" for ::1 at 2025-08-02 20:56:25 +1000
Processing by PagesController#home as HTML
  Rendering layout layouts/application.html.erb
  Rendering pages/home.html.erb within layouts/application
  Rendered pages/home.html.erb within layouts/application (Duration: 4.1ms | GC: 0.0ms)
  Rendered layout layouts/application.html.erb (Duration: 20.2ms | GC: 0.4ms)
Completed 200 OK in 48ms (Views: 22.9ms | ActiveRecord: 0.0ms (0 queries, 0 cached) | GC: 0.9ms)


Started GET "/" for ::1 at 2025-08-02 20:57:31 +1000
Processing by PagesController#home as HTML
  Rendering layout layouts/application.html.erb
  Rendering pages/home.html.erb within layouts/application
  Rendered pages/home.html.erb within layouts/application (Duration: 2.4ms | GC: 0.0ms)
  Rendered layout layouts/application.html.erb (Duration: 9.5ms | GC: 0.0ms)
Completed 200 OK in 37ms (Views: 12.4ms | ActiveRecord: 0.0ms (0 queries, 0 cached) | GC: 0.3ms)


Started GET "/" for ::1 at 2025-08-02 20:58:39 +1000
Processing by PagesController#home as HTML
  Rendering layout layouts/application.html.erb
  Rendering pages/home.html.erb within layouts/application
  Rendered pages/home.html.erb within layouts/application (Duration: 0.7ms | GC: 0.0ms)
  Rendered layout layouts/application.html.erb (Duration: 21.9ms | GC: 0.0ms)
Completed 200 OK in 42ms (Views: 24.3ms | ActiveRecord: 0.0ms (0 queries, 0 cached) | GC: 0.0ms)


Started GET "/" for ::1 at 2025-08-02 20:58:53 +1000
Processing by PagesController#home as HTML
  Rendering layout layouts/application.html.erb
  Rendering pages/home.html.erb within layouts/application
  Rendered pages/home.html.erb within layouts/application (Duration: 1.2ms | GC: 0.0ms)
  Rendered layout layouts/application.html.erb (Duration: 10.5ms | GC: 0.0ms)
Completed 200 OK in 42ms (Views: 19.0ms | ActiveRecord: 0.0ms (0 queries, 0 cached) | GC: 0.0ms)


Started GET "/login" for ::1 at 2025-08-02 20:58:54 +1000
  
ActionController::RoutingError (No route matches [GET] "/login"):
  
Started GET "/" for ::1 at 2025-08-02 20:59:00 +1000
Processing by PagesController#home as HTML
  Rendering layout layouts/application.html.erb
  Rendering pages/home.html.erb within layouts/application
  Rendered pages/home.html.erb within layouts/application (Duration: 0.6ms | GC: 0.0ms)
  Rendered layout layouts/application.html.erb (Duration: 2.0ms | GC: 0.0ms)
Completed 200 OK in 47ms (Views: 4.5ms | ActiveRecord: 0.0ms (0 queries, 0 cached) | GC: 0.0ms)


Started GET "/login" for ::1 at 2025-08-02 20:59:10 +1000
  
ActionController::RoutingError (No route matches [GET] "/login"):
  
Started GET "/login" for ::1 at 2025-08-02 20:59:11 +1000
  
ActionController::RoutingError (No route matches [GET] "/login"):
  
Started GET "/login" for ::1 at 2025-08-02 20:59:14 +1000
  
ActionController::RoutingError (No route matches [GET] "/login"):
  
Started GET "/" for ::1 at 2025-08-02 21:01:30 +1000
Processing by PagesController#home as HTML
  Rendering layout layouts/application.html.erb
  Rendering pages/home.html.erb within layouts/application
  Rendered pages/home.html.erb within layouts/application (Duration: 1.4ms | GC: 0.0ms)
  Rendered layout layouts/application.html.erb (Duration: 9.1ms | GC: 0.0ms)
Completed 200 OK in 35ms (Views: 11.3ms | ActiveRecord: 0.0ms (0 queries, 0 cached) | GC: 1.5ms)


Started GET "/signup" for ::1 at 2025-08-02 21:01:30 +1000
Processing by PagesController#signup as HTML
  Rendering layout layouts/application.html.erb
  Rendering pages/signup.html.erb within layouts/application
  Rendered pages/signup.html.erb within layouts/application (Duration: 1.1ms | GC: 0.0ms)
  Rendered layout layouts/application.html.erb (Duration: 3.5ms | GC: 0.0ms)
Completed 200 OK in 32ms (Views: 4.4ms | ActiveRecord: 0.0ms (0 queries, 0 cached) | GC: 0.0ms)


Started GET "/login" for ::1 at 2025-08-02 21:01:39 +1000
  
ActionController::RoutingError (No route matches [GET] "/login"):
  
Started GET "/login" for ::1 at 2025-08-02 21:01:40 +1000
  
ActionController::RoutingError (No route matches [GET] "/login"):
  
Started GET "/login" for ::1 at 2025-08-02 21:01:47 +1000
  
ActionController::RoutingError (No route matches [GET] "/login"):
  
Started GET "/signup" for ::1 at 2025-08-02 21:02:46 +1000
Processing by PagesController#signup as HTML
  Rendering layout layouts/application.html.erb
  Rendering pages/signup.html.erb within layouts/application
  Rendered pages/signup.html.erb within layouts/application (Duration: 0.9ms | GC: 0.0ms)
  Rendered layout layouts/application.html.erb (Duration: 8.2ms | GC: 0.0ms)
Completed 200 OK in 41ms (Views: 15.2ms | ActiveRecord: 0.0ms (0 queries, 0 cached) | GC: 0.0ms)


Started GET "/" for ::1 at 2025-08-02 21:02:49 +1000
Processing by PagesController#home as HTML
  Rendering layout layouts/application.html.erb
  Rendering pages/home.html.erb within layouts/application
  Rendered pages/home.html.erb within layouts/application (Duration: 0.9ms | GC: 0.0ms)
  Rendered layout layouts/application.html.erb (Duration: 10.1ms | GC: 0.0ms)
Completed 200 OK in 50ms (Views: 15.8ms | ActiveRecord: 0.0ms (0 queries, 0 cached) | GC: 0.0ms)


Started GET "/signup" for ::1 at 2025-08-02 21:02:50 +1000
Processing by PagesController#signup as HTML
  Rendering layout layouts/application.html.erb
  Rendering pages/signup.html.erb within layouts/application
  Rendered pages/signup.html.erb within layouts/application (Duration: 0.1ms | GC: 0.0ms)
  Rendered layout layouts/application.html.erb (Duration: 1.3ms | GC: 0.0ms)
Completed 200 OK in 26ms (Views: 1.7ms | ActiveRecord: 0.0ms (0 queries, 0 cached) | GC: 0.0ms)


Started GET "/signup" for ::1 at 2025-08-02 21:03:56 +1000
Processing by PagesController#signup as HTML
  Rendering layout layouts/application.html.erb
  Rendering pages/signup.html.erb within layouts/application
  Rendered pages/signup.html.erb within layouts/application (Duration: 0.4ms | GC: 0.0ms)
  Rendered layout layouts/application.html.erb (Duration: 6.8ms | GC: 0.0ms)
Completed 200 OK in 32ms (Views: 9.7ms | ActiveRecord: 0.0ms (0 queries, 0 cached) | GC: 1.2ms)


Started GET "/signup" for ::1 at 2025-08-02 21:04:40 +1000
Processing by PagesController#signup as HTML
  Rendering layout layouts/application.html.erb
  Rendering pages/signup.html.erb within layouts/application
  Rendered pages/signup.html.erb within layouts/application (Duration: 0.5ms | GC: 0.0ms)
  Rendered layout layouts/application.html.erb (Duration: 6.3ms | GC: 0.3ms)
Completed 200 OK in 37ms (Views: 12.3ms | ActiveRecord: 0.0ms (0 queries, 0 cached) | GC: 0.3ms)


Started GET "/signup" for ::1 at 2025-08-02 21:06:06 +1000
Processing by PagesController#signup as HTML
  Rendering layout layouts/application.html.erb
  Rendering pages/signup.html.erb within layouts/application
  Rendered pages/signup.html.erb within layouts/application (Duration: 0.5ms | GC: 0.0ms)
  Rendered layout layouts/application.html.erb (Duration: 5.1ms | GC: 0.0ms)
Completed 200 OK in 28ms (Views: 10.5ms | ActiveRecord: 0.0ms (0 queries, 0 cached) | GC: 0.0ms)


Started GET "/" for ::1 at 2025-08-02 21:06:12 +1000
Processing by PagesController#home as HTML
  Rendering layout layouts/application.html.erb
  Rendering pages/home.html.erb within layouts/application
  Rendered pages/home.html.erb within layouts/application (Duration: 0.8ms | GC: 0.0ms)
  Rendered layout layouts/application.html.erb (Duration: 2.0ms | GC: 0.0ms)
Completed 200 OK in 40ms (Views: 2.7ms | ActiveRecord: 0.0ms (0 queries, 0 cached) | GC: 0.0ms)


Started GET "/" for ::1 at 2025-08-02 21:06:13 +1000
Processing by PagesController#home as HTML
  Rendering layout layouts/application.html.erb
  Rendering pages/home.html.erb within layouts/application
  Rendered pages/home.html.erb within layouts/application (Duration: 0.1ms | GC: 0.0ms)
  Rendered layout layouts/application.html.erb (Duration: 3.2ms | GC: 0.0ms)
Completed 200 OK in 43ms (Views: 3.8ms | ActiveRecord: 0.0ms (0 queries, 0 cached) | GC: 0.0ms)


Started GET "/signup" for ::1 at 2025-08-02 21:07:21 +1000
Processing by PagesController#signup as HTML
  Rendering layout layouts/application.html.erb
  Rendering pages/signup.html.erb within layouts/application
  Rendered pages/signup.html.erb within layouts/application (Duration: 0.6ms | GC: 0.0ms)
  Rendered layout layouts/application.html.erb (Duration: 30.3ms | GC: 0.7ms)
Completed 200 OK in 60ms (Views: 35.3ms | ActiveRecord: 0.0ms (0 queries, 0 cached) | GC: 1.4ms)


Started GET "/" for ::1 at 2025-08-02 21:07:22 +1000
Processing by PagesController#home as HTML
  Rendering layout layouts/application.html.erb
  Rendering pages/home.html.erb within layouts/application
  Rendered pages/home.html.erb within layouts/application (Duration: 0.7ms | GC: 0.0ms)
  Rendered layout layouts/application.html.erb (Duration: 1.8ms | GC: 0.0ms)
Completed 200 OK in 45ms (Views: 3.0ms | ActiveRecord: 0.0ms (0 queries, 0 cached) | GC: 0.0ms)


Started GET "/" for ::1 at 2025-08-02 21:07:22 +1000
Processing by PagesController#home as HTML
  Rendering layout layouts/application.html.erb
  Rendering pages/home.html.erb within layouts/application
  Rendered pages/home.html.erb within layouts/application (Duration: 0.1ms | GC: 0.0ms)
  Rendered layout layouts/application.html.erb (Duration: 1.3ms | GC: 0.0ms)
Completed 200 OK in 43ms (Views: 4.1ms | ActiveRecord: 0.0ms (0 queries, 0 cached) | GC: 0.0ms)


Started GET "/signup" for ::1 at 2025-08-02 21:08:45 +1000
Processing by PagesController#signup as HTML
  Rendering layout layouts/application.html.erb
  Rendering pages/signup.html.erb within layouts/application
  Rendered pages/signup.html.erb within layouts/application (Duration: 0.1ms | GC: 0.0ms)
  Rendered layout layouts/application.html.erb (Duration: 1.7ms | GC: 0.0ms)
Completed 200 OK in 28ms (Views: 2.5ms | ActiveRecord: 0.0ms (0 queries, 0 cached) | GC: 0.0ms)


Started GET "/signup" for ::1 at 2025-08-02 21:08:45 +1000
Processing by PagesController#signup as HTML
  Rendering layout layouts/application.html.erb
  Rendering pages/signup.html.erb within layouts/application
  Rendered pages/signup.html.erb within layouts/application (Duration: 0.1ms | GC: 0.0ms)
  Rendered layout layouts/application.html.erb (Duration: 2.6ms | GC: 0.0ms)
Completed 200 OK in 21ms (Views: 3.0ms | ActiveRecord: 0.0ms (0 queries, 0 cached) | GC: 0.5ms)


Started GET "/signup" for ::1 at 2025-08-02 21:08:57 +1000
Processing by PagesController#signup as HTML
  Rendering layout layouts/application.html.erb
  Rendering pages/signup.html.erb within layouts/application
  Rendered pages/signup.html.erb within layouts/application (Duration: 0.5ms | GC: 0.0ms)
  Rendered layout layouts/application.html.erb (Duration: 4.7ms | GC: 0.3ms)
Completed 200 OK in 26ms (Views: 9.2ms | ActiveRecord: 0.0ms (0 queries, 0 cached) | GC: 0.3ms)


Started GET "/signup" for ::1 at 2025-08-02 21:08:58 +1000
Processing by PagesController#signup as HTML
  Rendering layout layouts/application.html.erb
  Rendering pages/signup.html.erb within layouts/application
  Rendered pages/signup.html.erb within layouts/application (Duration: 0.1ms | GC: 0.0ms)
  Rendered layout layouts/application.html.erb (Duration: 1.3ms | GC: 0.0ms)
Completed 200 OK in 33ms (Views: 2.5ms | ActiveRecord: 0.0ms (0 queries, 0 cached) | GC: 0.0ms)


Started GET "/signup" for ::1 at 2025-08-02 21:08:59 +1000
Processing by PagesController#signup as HTML
  Rendering layout layouts/application.html.erb
  Rendering pages/signup.html.erb within layouts/application
  Rendered pages/signup.html.erb within layouts/application (Duration: 0.3ms | GC: 0.0ms)
  Rendered layout layouts/application.html.erb (Duration: 2.2ms | GC: 0.0ms)
Completed 200 OK in 31ms (Views: 3.4ms | ActiveRecord: 0.0ms (0 queries, 0 cached) | GC: 0.0ms)


  [1m[36mActiveRecord::InternalMetadata Load (0.2ms)[0m  [1m[34mSELECT * FROM "ar_internal_metadata" WHERE "ar_internal_metadata"."key" = 'environment' ORDER BY "ar_internal_metadata"."key" ASC LIMIT 1 /*application='FantastyF1League'*/[0m
  [1m[36mActiveRecord::SchemaMigration Load (0.1ms)[0m  [1m[34mSELECT "schema_migrations"."version" FROM "schema_migrations" ORDER BY "schema_migrations"."version" ASC /*application='FantastyF1League'*/[0m
Migrating to CreateUsers (20250802111200)
  [1m[36mTRANSACTION (0.1ms)[0m  [1m[35mBEGIN immediate TRANSACTION /*application='FantastyF1League'*/[0m
  [1m[35m (4.3ms)[0m  [1m[35mCREATE TABLE "users" ("id" integer PRIMARY KEY AUTOINCREMENT NOT NULL, "full_name" varchar, "email" varchar, "username" varchar, "password_digest" varchar, "created_at" datetime(6) NOT NULL, "updated_at" datetime(6) NOT NULL) /*application='FantastyF1League'*/[0m
  [1m[35m (0.2ms)[0m  [1m[35mCREATE UNIQUE INDEX "index_users_on_email" ON "users" ("email") /*application='FantastyF1League'*/[0m
  [1m[35m (0.1ms)[0m  [1m[35mCREATE UNIQUE INDEX "index_users_on_username" ON "users" ("username") /*application='FantastyF1League'*/[0m
  [1m[36mActiveRecord::SchemaMigration Create (0.2ms)[0m  [1m[32mINSERT INTO "schema_migrations" ("version") VALUES ('20250802111200') RETURNING "version" /*application='FantastyF1League'*/[0m
  [1m[36mTRANSACTION (4.7ms)[0m  [1m[35mCOMMIT TRANSACTION /*application='FantastyF1League'*/[0m
  [1m[36mActiveRecord::SchemaMigration Load (0.1ms)[0m  [1m[34mSELECT "schema_migrations"."version" FROM "schema_migrations" ORDER BY "schema_migrations"."version" ASC /*application='FantastyF1League'*/[0m
  [1m[36mTRANSACTION (0.3ms)[0m  [1m[35mBEGIN immediate TRANSACTION /*application='FantastyF1League'*/[0m
  [1m[36mUser Exists? (10.0ms)[0m  [1m[34mSELECT 1 AS one FROM "users" WHERE "users"."email" = 'sidath95@gmail.com' LIMIT 1 /*application='FantastyF1League'*/[0m
  [1m[36mUser Exists? (0.3ms)[0m  [1m[34mSELECT 1 AS one FROM "users" WHERE "users"."username" = 'SidathPeiris' LIMIT 1 /*application='FantastyF1League'*/[0m
  [1m[36mUser Create (0.3ms)[0m  [1m[32mINSERT INTO "users" ("full_name", "email", "username", "password_digest", "created_at", "updated_at") VALUES ('Sidath Peiris', 'sidath95@gmail.com', 'SidathPeiris', '$2a$12$cirjpOF8z2wP.ZKlmoQ3JuHj/1Ax.5ZINTZBdA3SP6IYQT3ZgYnmi', '2025-08-02 11:15:14.266162', '2025-08-02 11:15:14.266162') RETURNING "id" /*application='FantastyF1League'*/[0m
  [1m[36mTRANSACTION (4.7ms)[0m  [1m[35mCOMMIT TRANSACTION /*application='FantastyF1League'*/[0m
  [1m[36mUser Load (0.2ms)[0m  [1m[34mSELECT "users".* FROM "users" ORDER BY "users"."id" ASC LIMIT 1 /*application='FantastyF1League'*/[0m
Started GET "/signup" for ::1 at 2025-08-02 21:15:41 +1000
  [1m[36mActiveRecord::SchemaMigration Load (1.4ms)[0m  [1m[34mSELECT "schema_migrations"."version" FROM "schema_migrations" ORDER BY "schema_migrations"."version" ASC /*application='FantastyF1League'*/[0m
Processing by PagesController#signup as HTML
  Rendering layout layouts/application.html.erb
  Rendering pages/signup.html.erb within layouts/application
  Rendered pages/signup.html.erb within layouts/application (Duration: 6.8ms | GC: 0.6ms)
  Rendered layout layouts/application.html.erb (Duration: 35.3ms | GC: 2.8ms)
Completed 200 OK in 118ms (Views: 45.7ms | ActiveRecord: 0.0ms (0 queries, 0 cached) | GC: 15.7ms)


Started GET "/" for ::1 at 2025-08-02 21:15:44 +1000
Processing by PagesController#home as HTML
  Rendering layout layouts/application.html.erb
  Rendering pages/home.html.erb within layouts/application
  Rendered pages/home.html.erb within layouts/application (Duration: 1.1ms | GC: 0.0ms)
  Rendered layout layouts/application.html.erb (Duration: 4.9ms | GC: 0.0ms)
Completed 200 OK in 45ms (Views: 6.4ms | ActiveRecord: 0.0ms (0 queries, 0 cached) | GC: 0.6ms)


Started GET "/login" for ::1 at 2025-08-02 21:15:45 +1000
  
ActionController::RoutingError (No route matches [GET] "/login"):
  
Started GET "/" for ::1 at 2025-08-02 21:15:49 +1000
Processing by PagesController#home as HTML
  Rendering layout layouts/application.html.erb
  Rendering pages/home.html.erb within layouts/application
  Rendered pages/home.html.erb within layouts/application (Duration: 1.2ms | GC: 0.0ms)
  Rendered layout layouts/application.html.erb (Duration: 5.1ms | GC: 0.0ms)
Completed 200 OK in 42ms (Views: 11.8ms | ActiveRecord: 0.0ms (0 queries, 0 cached) | GC: 0.0ms)


Started GET "/" for ::1 at 2025-08-02 21:19:22 +1000
  [1m[36mActiveRecord::SchemaMigration Load (1.1ms)[0m  [1m[34mSELECT "schema_migrations"."version" FROM "schema_migrations" ORDER BY "schema_migrations"."version" ASC /*application='FantastyF1League'*/[0m
Started GET "/login" for ::1 at 2025-08-02 21:19:22 +1000
Processing by PagesController#home as HTML
Processing by PagesController#login as HTML
  Rendering layout layouts/application.html.erb
  Rendering pages/login.html.erb within layouts/application
  Rendered pages/login.html.erb within layouts/application (Duration: 9.3ms | GC: 0.0ms)
  Rendering layout layouts/application.html.erb
  Rendering pages/home.html.erb within layouts/application
  Rendered pages/home.html.erb within layouts/application (Duration: 1.5ms | GC: 0.0ms)
  Rendered layout layouts/application.html.erb (Duration: 55.0ms | GC: 3.0ms)
Completed 200 OK in 218ms (Views: 56.2ms | ActiveRecord: 0.0ms (0 queries, 0 cached) | GC: 12.9ms)


  Rendered layout layouts/application.html.erb (Duration: 94.1ms | GC: 3.5ms)
Completed 200 OK in 207ms (Views: 106.7ms | ActiveRecord: 0.0ms (0 queries, 0 cached) | GC: 6.6ms)


Started GET "/login" for ::1 at 2025-08-02 21:19:23 +1000
Processing by PagesController#login as HTML
  Rendering layout layouts/application.html.erb
  Rendering pages/login.html.erb within layouts/application
  Rendered pages/login.html.erb within layouts/application (Duration: 2.3ms | GC: 0.0ms)
  Rendered layout layouts/application.html.erb (Duration: 5.9ms | GC: 0.0ms)
Completed 200 OK in 26ms (Views: 7.2ms | ActiveRecord: 0.0ms (0 queries, 0 cached) | GC: 0.0ms)


Started GET "/" for ::1 at 2025-08-02 21:19:37 +1000
Processing by PagesController#home as HTML
  Rendering layout layouts/application.html.erb
  Rendering pages/home.html.erb within layouts/application
  Rendered pages/home.html.erb within layouts/application (Duration: 0.1ms | GC: 0.0ms)
  Rendered layout layouts/application.html.erb (Duration: 3.5ms | GC: 0.0ms)
Completed 200 OK in 21ms (Views: 4.2ms | ActiveRecord: 0.0ms (0 queries, 0 cached) | GC: 0.0ms)


Started GET "/signup" for ::1 at 2025-08-02 21:19:38 +1000
Processing by PagesController#signup as HTML
  Rendering layout layouts/application.html.erb
  Rendering pages/signup.html.erb within layouts/application
  Rendered pages/signup.html.erb within layouts/application (Duration: 16.5ms | GC: 0.0ms)
  Rendered layout layouts/application.html.erb (Duration: 22.2ms | GC: 0.0ms)
Completed 200 OK in 52ms (Views: 32.8ms | ActiveRecord: 0.0ms (0 queries, 0 cached) | GC: 0.0ms)


Started GET "/" for ::1 at 2025-08-02 21:21:16 +1000
Processing by PagesController#home as HTML
  Rendering layout layouts/application.html.erb
  Rendering pages/home.html.erb within layouts/application
  Rendered pages/home.html.erb within layouts/application (Duration: 2.0ms | GC: 0.0ms)
  Rendered layout layouts/application.html.erb (Duration: 14.5ms | GC: 0.0ms)
Completed 200 OK in 47ms (Views: 17.8ms | ActiveRecord: 0.0ms (0 queries, 0 cached) | GC: 0.0ms)


Started GET "/signup" for ::1 at 2025-08-02 21:21:20 +1000
Processing by PagesController#signup as HTML
  Rendering layout layouts/application.html.erb
  Rendering pages/signup.html.erb within layouts/application
  Rendered pages/signup.html.erb within layouts/application (Duration: 7.6ms | GC: 0.0ms)
  Rendered layout layouts/application.html.erb (Duration: 9.9ms | GC: 0.0ms)
Completed 200 OK in 33ms (Views: 11.1ms | ActiveRecord: 0.0ms (0 queries, 0 cached) | GC: 0.0ms)


Started GET "/signup" for ::1 at 2025-08-02 21:21:21 +1000
Processing by PagesController#signup as HTML
  Rendering layout layouts/application.html.erb
  Rendering pages/signup.html.erb within layouts/application
  Rendered pages/signup.html.erb within layouts/application (Duration: 3.5ms | GC: 0.0ms)
  Rendered layout layouts/application.html.erb (Duration: 7.7ms | GC: 0.0ms)
Completed 200 OK in 31ms (Views: 13.8ms | ActiveRecord: 0.0ms (0 queries, 0 cached) | GC: 0.0ms)


Started GET "/" for ::1 at 2025-08-02 21:21:27 +1000
Processing by PagesController#home as HTML
  Rendering layout layouts/application.html.erb
  Rendering pages/home.html.erb within layouts/application
  Rendered pages/home.html.erb within layouts/application (Duration: 0.4ms | GC: 0.0ms)
  Rendered layout layouts/application.html.erb (Duration: 2.1ms | GC: 0.0ms)
Completed 200 OK in 18ms (Views: 2.7ms | ActiveRecord: 0.0ms (0 queries, 0 cached) | GC: 0.0ms)


Started GET "/login" for ::1 at 2025-08-02 21:21:28 +1000
Processing by PagesController#login as HTML
  Rendering layout layouts/application.html.erb
  Rendering pages/login.html.erb within layouts/application
  Rendered pages/login.html.erb within layouts/application (Duration: 4.3ms | GC: 0.0ms)
  Rendered layout layouts/application.html.erb (Duration: 6.4ms | GC: 0.0ms)
Completed 200 OK in 31ms (Views: 8.5ms | ActiveRecord: 0.0ms (0 queries, 0 cached) | GC: 0.0ms)


Started POST "/sessions" for ::1 at 2025-08-02 21:21:33 +1000
Processing by SessionsController#create as TURBO_STREAM
  Parameters: {"authenticity_token" => "[FILTERED]", "login" => {"email_or_username" => "[FILTERED]", "password" => "[FILTERED]"}}
  [1m[36mUser Load (0.2ms)[0m  [1m[34mSELECT "users".* FROM "users" WHERE "users"."email" = 'SidathPeiris' LIMIT 1 /*action='create',application='FantastyF1League',controller='sessions'*/[0m
  ↳ app/controllers/sessions_controller.rb:7:in 'SessionsController#create'
  [1m[36mUser Load (6.3ms)[0m  [1m[34mSELECT "users".* FROM "users" WHERE "users"."username" = 'SidathPeiris' LIMIT 1 /*action='create',application='FantastyF1League',controller='sessions'*/[0m
  ↳ app/controllers/sessions_controller.rb:7:in 'SessionsController#create'
Redirected to http://localhost:3000/
Completed 302 Found in 355ms (ActiveRecord: 9.4ms (2 queries, 0 cached) | GC: 0.0ms)


Started GET "/" for ::1 at 2025-08-02 21:21:34 +1000
Processing by PagesController#home as TURBO_STREAM
  Rendering layout layouts/application.html.erb
  Rendering pages/home.html.erb within layouts/application
  Rendered pages/home.html.erb within layouts/application (Duration: 0.2ms | GC: 0.0ms)
  Rendered layout layouts/application.html.erb (Duration: 2.2ms | GC: 0.0ms)
Completed 200 OK in 20ms (Views: 3.0ms | ActiveRecord: 0.0ms (0 queries, 0 cached) | GC: 0.0ms)


Started GET "/" for ::1 at 2025-08-02 21:25:46 +1000
Processing by PagesController#home as HTML
  Rendering layout layouts/application.html.erb
  Rendering pages/home.html.erb within layouts/application
  Rendered pages/home.html.erb within layouts/application (Duration: 1.1ms | GC: 0.0ms)
  Rendered layout layouts/application.html.erb (Duration: 7.2ms | GC: 0.0ms)
Completed 200 OK in 29ms (Views: 9.6ms | ActiveRecord: 0.0ms (0 queries, 0 cached) | GC: 0.0ms)


Started GET "/login" for ::1 at 2025-08-02 21:25:50 +1000
Processing by PagesController#login as HTML
  Rendering layout layouts/application.html.erb
  Rendering pages/login.html.erb within layouts/application
  Rendered pages/login.html.erb within layouts/application (Duration: 1.5ms | GC: 0.0ms)
  Rendered layout layouts/application.html.erb (Duration: 4.0ms | GC: 0.0ms)
Completed 200 OK in 36ms (Views: 4.5ms | ActiveRecord: 0.0ms (0 queries, 0 cached) | GC: 0.0ms)


Started POST "/sessions" for ::1 at 2025-08-02 21:25:52 +1000
Processing by SessionsController#create as TURBO_STREAM
  Parameters: {"authenticity_token" => "[FILTERED]", "login" => {"email_or_username" => "[FILTERED]", "password" => "[FILTERED]"}}
  [1m[36mUser Load (0.4ms)[0m  [1m[34mSELECT "users".* FROM "users" WHERE "users"."email" = 'SidathPeiris' LIMIT 1 /*action='create',application='FantastyF1League',controller='sessions'*/[0m
  ↳ app/controllers/sessions_controller.rb:7:in 'SessionsController#create'
  [1m[36mUser Load (0.2ms)[0m  [1m[34mSELECT "users".* FROM "users" WHERE "users"."username" = 'SidathPeiris' LIMIT 1 /*action='create',application='FantastyF1League',controller='sessions'*/[0m
  ↳ app/controllers/sessions_controller.rb:7:in 'SessionsController#create'
Redirected to http://localhost:3000/dashboard
Completed 302 Found in 297ms (ActiveRecord: 9.8ms (2 queries, 0 cached) | GC: 0.0ms)


Started GET "/dashboard" for ::1 at 2025-08-02 21:25:52 +1000
Processing by PagesController#dashboard as TURBO_STREAM
  [1m[36mUser Load (0.1ms)[0m  [1m[34mSELECT "users".* FROM "users" WHERE "users"."id" = 1 LIMIT 1 /*action='dashboard',application='FantastyF1League',controller='pages'*/[0m
  ↳ app/controllers/application_controller.rb:7:in 'ApplicationController#current_user'
  Rendering layout layouts/application.html.erb
  Rendering pages/dashboard.html.erb within layouts/application
  Rendered pages/dashboard.html.erb within layouts/application (Duration: 2.0ms | GC: 0.0ms)
  Rendered layout layouts/application.html.erb (Duration: 4.5ms | GC: 0.0ms)
Completed 200 OK in 30ms (Views: 8.1ms | ActiveRecord: 0.1ms (1 query, 0 cached) | GC: 0.0ms)


Started GET "/login" for ::1 at 2025-08-02 21:25:55 +1000
Processing by PagesController#login as HTML
  Rendering layout layouts/application.html.erb
  Rendering pages/login.html.erb within layouts/application
  Rendered pages/login.html.erb within layouts/application (Duration: 0.7ms | GC: 0.0ms)
  Rendered layout layouts/application.html.erb (Duration: 9.6ms | GC: 0.0ms)
Completed 200 OK in 40ms (Views: 23.3ms | ActiveRecord: 0.0ms (0 queries, 0 cached) | GC: 0.0ms)


Started GET "/" for ::1 at 2025-08-02 21:26:00 +1000
Processing by PagesController#home as HTML
  Rendering layout layouts/application.html.erb
  Rendering pages/home.html.erb within layouts/application
  Rendered pages/home.html.erb within layouts/application (Duration: 0.1ms | GC: 0.0ms)
  Rendered layout layouts/application.html.erb (Duration: 3.6ms | GC: 0.0ms)
Completed 200 OK in 50ms (Views: 4.7ms | ActiveRecord: 0.0ms (0 queries, 0 cached) | GC: 0.0ms)


Started GET "/signup" for ::1 at 2025-08-02 21:26:02 +1000
Processing by PagesController#signup as HTML
  Rendering layout layouts/application.html.erb
  Rendering pages/signup.html.erb within layouts/application
  Rendered pages/signup.html.erb within layouts/application (Duration: 0.9ms | GC: 0.0ms)
  Rendered layout layouts/application.html.erb (Duration: 2.6ms | GC: 0.0ms)
Completed 200 OK in 38ms (Views: 3.1ms | ActiveRecord: 0.0ms (0 queries, 0 cached) | GC: 0.0ms)


Started GET "/login" for ::1 at 2025-08-02 21:26:06 +1000
Processing by PagesController#login as HTML
  Rendering layout layouts/application.html.erb
  Rendering pages/login.html.erb within layouts/application
  Rendered pages/login.html.erb within layouts/application (Duration: 1.9ms | GC: 0.0ms)
  Rendered layout layouts/application.html.erb (Duration: 8.1ms | GC: 0.0ms)
Completed 200 OK in 45ms (Views: 8.6ms | ActiveRecord: 0.0ms (0 queries, 0 cached) | GC: 0.0ms)


Started GET "/login" for ::1 at 2025-08-02 21:27:45 +1000
Processing by PagesController#login as HTML
  Rendering layout layouts/application.html.erb
  Rendering pages/login.html.erb within layouts/application
  Rendered pages/login.html.erb within layouts/application (Duration: 2.4ms | GC: 0.0ms)
  Rendered layout layouts/application.html.erb (Duration: 15.9ms | GC: 0.0ms)
Completed 200 OK in 36ms (Views: 18.8ms | ActiveRecord: 0.0ms (0 queries, 0 cached) | GC: 0.5ms)


Started POST "/sessions" for ::1 at 2025-08-02 21:27:52 +1000
Processing by SessionsController#create as TURBO_STREAM
  Parameters: {"authenticity_token" => "[FILTERED]", "login" => {"email_or_username" => "[FILTERED]", "password" => "[FILTERED]"}}
  [1m[36mUser Load (0.3ms)[0m  [1m[34mSELECT "users".* FROM "users" WHERE "users"."email" = 'SidathPeiris' LIMIT 1 /*action='create',application='FantastyF1League',controller='sessions'*/[0m
  ↳ app/controllers/sessions_controller.rb:7:in 'SessionsController#create'
  [1m[36mUser Load (0.2ms)[0m  [1m[34mSELECT "users".* FROM "users" WHERE "users"."username" = 'SidathPeiris' LIMIT 1 /*action='create',application='FantastyF1League',controller='sessions'*/[0m
  ↳ app/controllers/sessions_controller.rb:7:in 'SessionsController#create'
Redirected to http://localhost:3000/dashboard
Completed 302 Found in 319ms (ActiveRecord: 5.3ms (2 queries, 0 cached) | GC: 0.4ms)


Started GET "/dashboard" for ::1 at 2025-08-02 21:27:53 +1000
Processing by PagesController#dashboard as TURBO_STREAM
  [1m[36mUser Load (0.7ms)[0m  [1m[34mSELECT "users".* FROM "users" WHERE "users"."id" = 1 LIMIT 1 /*action='dashboard',application='FantastyF1League',controller='pages'*/[0m
  ↳ app/controllers/application_controller.rb:7:in 'ApplicationController#current_user'
  Rendering layout layouts/application.html.erb
  Rendering pages/dashboard.html.erb within layouts/application
  Rendered pages/dashboard.html.erb within layouts/application (Duration: 3.5ms | GC: 0.0ms)
  Rendered layout layouts/application.html.erb (Duration: 4.8ms | GC: 0.0ms)
Completed 200 OK in 28ms (Views: 5.3ms | ActiveRecord: 0.7ms (1 query, 0 cached) | GC: 0.0ms)


Started GET "/dashboard" for ::1 at 2025-08-02 21:29:07 +1000
Processing by PagesController#dashboard as HTML
  [1m[36mUser Load (1.6ms)[0m  [1m[34mSELECT "users".* FROM "users" WHERE "users"."id" = 1 LIMIT 1 /*action='dashboard',application='FantastyF1League',controller='pages'*/[0m
  ↳ app/controllers/application_controller.rb:7:in 'ApplicationController#current_user'
  Rendering layout layouts/application.html.erb
  Rendering pages/dashboard.html.erb within layouts/application
  Rendered pages/dashboard.html.erb within layouts/application (Duration: 2.2ms | GC: 0.0ms)
  Rendered layout layouts/application.html.erb (Duration: 17.0ms | GC: 0.2ms)
Completed 200 OK in 144ms (Views: 19.7ms | ActiveRecord: 5.0ms (1 query, 0 cached) | GC: 0.4ms)


Started GET "/" for ::1 at 2025-08-02 21:29:24 +1000
Processing by PagesController#home as HTML
  Rendering layout layouts/application.html.erb
  Rendering pages/home.html.erb within layouts/application
  Rendered pages/home.html.erb within layouts/application (Duration: 0.7ms | GC: 0.0ms)
  Rendered layout layouts/application.html.erb (Duration: 3.6ms | GC: 0.0ms)
Completed 200 OK in 23ms (Views: 4.2ms | ActiveRecord: 0.0ms (0 queries, 0 cached) | GC: 0.0ms)


Started GET "/login" for ::1 at 2025-08-02 21:29:25 +1000
Processing by PagesController#login as HTML
  Rendering layout layouts/application.html.erb
  Rendering pages/login.html.erb within layouts/application
  Rendered pages/login.html.erb within layouts/application (Duration: 1.8ms | GC: 0.0ms)
  Rendered layout layouts/application.html.erb (Duration: 2.9ms | GC: 0.0ms)
Completed 200 OK in 48ms (Views: 3.6ms | ActiveRecord: 0.0ms (0 queries, 0 cached) | GC: 0.0ms)


Started POST "/sessions" for ::1 at 2025-08-02 21:29:28 +1000
Processing by SessionsController#create as TURBO_STREAM
  Parameters: {"authenticity_token" => "[FILTERED]", "login" => {"email_or_username" => "[FILTERED]", "password" => "[FILTERED]"}}
  [1m[36mUser Load (0.7ms)[0m  [1m[34mSELECT "users".* FROM "users" WHERE "users"."email" = 'SidathPeiris' LIMIT 1 /*action='create',application='FantastyF1League',controller='sessions'*/[0m
  ↳ app/controllers/sessions_controller.rb:7:in 'SessionsController#create'
  [1m[36mUser Load (0.1ms)[0m  [1m[34mSELECT "users".* FROM "users" WHERE "users"."username" = 'SidathPeiris' LIMIT 1 /*action='create',application='FantastyF1League',controller='sessions'*/[0m
  ↳ app/controllers/sessions_controller.rb:7:in 'SessionsController#create'
Redirected to http://localhost:3000/dashboard
Completed 302 Found in 259ms (ActiveRecord: 0.8ms (2 queries, 0 cached) | GC: 0.3ms)


Started GET "/dashboard" for ::1 at 2025-08-02 21:29:28 +1000
Processing by PagesController#dashboard as TURBO_STREAM
  [1m[36mUser Load (0.1ms)[0m  [1m[34mSELECT "users".* FROM "users" WHERE "users"."id" = 1 LIMIT 1 /*action='dashboard',application='FantastyF1League',controller='pages'*/[0m
  ↳ app/controllers/application_controller.rb:7:in 'ApplicationController#current_user'
  Rendering layout layouts/application.html.erb
  Rendering pages/dashboard.html.erb within layouts/application
  Rendered pages/dashboard.html.erb within layouts/application (Duration: 0.4ms | GC: 0.0ms)
  Rendered layout layouts/application.html.erb (Duration: 1.8ms | GC: 0.0ms)
Completed 200 OK in 24ms (Views: 2.3ms | ActiveRecord: 0.1ms (1 query, 0 cached) | GC: 0.0ms)


Started GET "/dashboard" for ::1 at 2025-08-02 21:31:00 +1000
Processing by PagesController#dashboard as HTML
  [1m[36mUser Load (0.2ms)[0m  [1m[34mSELECT "users".* FROM "users" WHERE "users"."id" = 1 LIMIT 1 /*action='dashboard',application='FantastyF1League',controller='pages'*/[0m
  ↳ app/controllers/application_controller.rb:7:in 'ApplicationController#current_user'
  Rendering layout layouts/application.html.erb
  Rendering pages/dashboard.html.erb within layouts/application
  Rendered pages/dashboard.html.erb within layouts/application (Duration: 2.8ms | GC: 0.0ms)
  Rendered layout layouts/application.html.erb (Duration: 14.1ms | GC: 0.0ms)
Completed 200 OK in 79ms (Views: 21.0ms | ActiveRecord: 2.2ms (1 query, 0 cached) | GC: 0.0ms)


Started GET "/dashboard" for ::1 at 2025-08-02 21:31:01 +1000
Processing by PagesController#dashboard as HTML
  [1m[36mUser Load (0.2ms)[0m  [1m[34mSELECT "users".* FROM "users" WHERE "users"."id" = 1 LIMIT 1 /*action='dashboard',application='FantastyF1League',controller='pages'*/[0m
  ↳ app/controllers/application_controller.rb:7:in 'ApplicationController#current_user'
  Rendering layout layouts/application.html.erb
  Rendering pages/dashboard.html.erb within layouts/application
  Rendered pages/dashboard.html.erb within layouts/application (Duration: 0.8ms | GC: 0.0ms)
  Rendered layout layouts/application.html.erb (Duration: 3.9ms | GC: 0.0ms)
Completed 200 OK in 70ms (Views: 19.7ms | ActiveRecord: 0.2ms (1 query, 0 cached) | GC: 0.0ms)


Started GET "/dashboard" for ::1 at 2025-08-02 21:31:02 +1000
Processing by PagesController#dashboard as HTML
  [1m[36mUser Load (0.1ms)[0m  [1m[34mSELECT "users".* FROM "users" WHERE "users"."id" = 1 LIMIT 1 /*action='dashboard',application='FantastyF1League',controller='pages'*/[0m
  ↳ app/controllers/application_controller.rb:7:in 'ApplicationController#current_user'
  Rendering layout layouts/application.html.erb
  Rendering pages/dashboard.html.erb within layouts/application
  Rendered pages/dashboard.html.erb within layouts/application (Duration: 0.6ms | GC: 0.0ms)
  Rendered layout layouts/application.html.erb (Duration: 1.5ms | GC: 0.0ms)
Completed 200 OK in 22ms (Views: 2.4ms | ActiveRecord: 0.1ms (1 query, 0 cached) | GC: 0.0ms)


Started GET "/dashboard" for ::1 at 2025-08-02 21:31:03 +1000
Processing by PagesController#dashboard as HTML
  [1m[36mUser Load (0.1ms)[0m  [1m[34mSELECT "users".* FROM "users" WHERE "users"."id" = 1 LIMIT 1 /*action='dashboard',application='FantastyF1League',controller='pages'*/[0m
  ↳ app/controllers/application_controller.rb:7:in 'ApplicationController#current_user'
  Rendering layout layouts/application.html.erb
  Rendering pages/dashboard.html.erb within layouts/application
  Rendered pages/dashboard.html.erb within layouts/application (Duration: 0.4ms | GC: 0.0ms)
  Rendered layout layouts/application.html.erb (Duration: 5.2ms | GC: 0.0ms)
Completed 200 OK in 29ms (Views: 6.0ms | ActiveRecord: 0.1ms (1 query, 0 cached) | GC: 0.0ms)


Started GET "/logout" for ::1 at 2025-08-02 21:31:13 +1000
  
ActionController::RoutingError (No route matches [GET] "/logout"):
  
Started GET "/dashboard" for ::1 at 2025-08-02 21:31:16 +1000
Processing by PagesController#dashboard as HTML
  [1m[36mUser Load (0.8ms)[0m  [1m[34mSELECT "users".* FROM "users" WHERE "users"."id" = 1 LIMIT 1 /*action='dashboard',application='FantastyF1League',controller='pages'*/[0m
  ↳ app/controllers/application_controller.rb:7:in 'ApplicationController#current_user'
  Rendering layout layouts/application.html.erb
  Rendering pages/dashboard.html.erb within layouts/application
  Rendered pages/dashboard.html.erb within layouts/application (Duration: 1.1ms | GC: 0.0ms)
  Rendered layout layouts/application.html.erb (Duration: 2.9ms | GC: 0.0ms)
Completed 200 OK in 36ms (Views: 14.5ms | ActiveRecord: 0.8ms (1 query, 0 cached) | GC: 0.0ms)


Started GET "/dashboard" for ::1 at 2025-08-02 21:32:18 +1000
Processing by PagesController#dashboard as HTML
  [1m[36mUser Load (0.1ms)[0m  [1m[34mSELECT "users".* FROM "users" WHERE "users"."id" = 1 LIMIT 1 /*action='dashboard',application='FantastyF1League',controller='pages'*/[0m
  ↳ app/controllers/application_controller.rb:7:in 'ApplicationController#current_user'
  Rendering layout layouts/application.html.erb
  Rendering pages/dashboard.html.erb within layouts/application
  Rendered pages/dashboard.html.erb within layouts/application (Duration: 2.1ms | GC: 0.0ms)
  Rendered layout layouts/application.html.erb (Duration: 25.3ms | GC: 0.0ms)
Completed 200 OK in 123ms (Views: 37.8ms | ActiveRecord: 2.6ms (1 query, 0 cached) | GC: 0.0ms)


Started GET "/dashboard" for ::1 at 2025-08-02 21:32:19 +1000
Processing by PagesController#dashboard as HTML
  [1m[36mUser Load (0.2ms)[0m  [1m[34mSELECT "users".* FROM "users" WHERE "users"."id" = 1 LIMIT 1 /*action='dashboard',application='FantastyF1League',controller='pages'*/[0m
  ↳ app/controllers/application_controller.rb:7:in 'ApplicationController#current_user'
  Rendering layout layouts/application.html.erb
  Rendering pages/dashboard.html.erb within layouts/application
  Rendered pages/dashboard.html.erb within layouts/application (Duration: 0.7ms | GC: 0.0ms)
  Rendered layout layouts/application.html.erb (Duration: 3.2ms | GC: 0.0ms)
Completed 200 OK in 32ms (Views: 4.7ms | ActiveRecord: 0.1ms (1 query, 0 cached) | GC: 0.0ms)


Started GET "/dashboard" for ::1 at 2025-08-02 21:32:20 +1000
Processing by PagesController#dashboard as HTML
  [1m[36mUser Load (0.1ms)[0m  [1m[34mSELECT "users".* FROM "users" WHERE "users"."id" = 1 LIMIT 1 /*action='dashboard',application='FantastyF1League',controller='pages'*/[0m
  ↳ app/controllers/application_controller.rb:7:in 'ApplicationController#current_user'
  Rendering layout layouts/application.html.erb
  Rendering pages/dashboard.html.erb within layouts/application
  Rendered pages/dashboard.html.erb within layouts/application (Duration: 3.4ms | GC: 0.0ms)
  Rendered layout layouts/application.html.erb (Duration: 4.5ms | GC: 0.0ms)
Completed 200 OK in 28ms (Views: 4.9ms | ActiveRecord: 0.1ms (1 query, 0 cached) | GC: 0.0ms)


Started GET "/dashboard" for ::1 at 2025-08-02 21:32:20 +1000
Processing by PagesController#dashboard as HTML
  [1m[36mUser Load (0.1ms)[0m  [1m[34mSELECT "users".* FROM "users" WHERE "users"."id" = 1 LIMIT 1 /*action='dashboard',application='FantastyF1League',controller='pages'*/[0m
  ↳ app/controllers/application_controller.rb:7:in 'ApplicationController#current_user'
  Rendering layout layouts/application.html.erb
  Rendering pages/dashboard.html.erb within layouts/application
  Rendered pages/dashboard.html.erb within layouts/application (Duration: 1.0ms | GC: 0.0ms)
  Rendered layout layouts/application.html.erb (Duration: 1.9ms | GC: 0.0ms)
Completed 200 OK in 27ms (Views: 2.8ms | ActiveRecord: 0.1ms (1 query, 0 cached) | GC: 0.0ms)


Started GET "/dashboard" for ::1 at 2025-08-02 21:33:00 +1000
Processing by PagesController#dashboard as HTML
  [1m[36mUser Load (0.2ms)[0m  [1m[34mSELECT "users".* FROM "users" WHERE "users"."id" = 1 LIMIT 1 /*action='dashboard',application='FantastyF1League',controller='pages'*/[0m
  ↳ app/controllers/application_controller.rb:7:in 'ApplicationController#current_user'
  Rendering layout layouts/application.html.erb
  Rendering pages/dashboard.html.erb within layouts/application
  Rendered pages/dashboard.html.erb within layouts/application (Duration: 2.0ms | GC: 0.0ms)
  Rendered layout layouts/application.html.erb (Duration: 10.9ms | GC: 0.0ms)
Completed 200 OK in 70ms (Views: 21.4ms | ActiveRecord: 2.1ms (1 query, 0 cached) | GC: 1.7ms)


Started GET "/dashboard" for ::1 at 2025-08-02 21:33:01 +1000
Processing by PagesController#dashboard as HTML
  [1m[36mUser Load (0.2ms)[0m  [1m[34mSELECT "users".* FROM "users" WHERE "users"."id" = 1 LIMIT 1 /*action='dashboard',application='FantastyF1League',controller='pages'*/[0m
  ↳ app/controllers/application_controller.rb:7:in 'ApplicationController#current_user'
  Rendering layout layouts/application.html.erb
  Rendering pages/dashboard.html.erb within layouts/application
  Rendered pages/dashboard.html.erb within layouts/application (Duration: 1.7ms | GC: 0.0ms)
  Rendered layout layouts/application.html.erb (Duration: 5.5ms | GC: 0.0ms)
Completed 200 OK in 31ms (Views: 7.1ms | ActiveRecord: 0.1ms (1 query, 0 cached) | GC: 0.0ms)


Started GET "/dashboard" for ::1 at 2025-08-02 21:33:33 +1000
Processing by PagesController#dashboard as HTML
  [1m[36mUser Load (0.1ms)[0m  [1m[34mSELECT "users".* FROM "users" WHERE "users"."id" = 1 LIMIT 1 /*action='dashboard',application='FantastyF1League',controller='pages'*/[0m
  ↳ app/controllers/application_controller.rb:7:in 'ApplicationController#current_user'
  Rendering layout layouts/application.html.erb
  Rendering pages/dashboard.html.erb within layouts/application
  Rendered pages/dashboard.html.erb within layouts/application (Duration: 2.4ms | GC: 0.0ms)
  Rendered layout layouts/application.html.erb (Duration: 10.3ms | GC: 0.3ms)
Completed 200 OK in 64ms (Views: 19.1ms | ActiveRecord: 1.8ms (1 query, 0 cached) | GC: 0.6ms)


Started GET "/dashboard" for ::1 at 2025-08-02 21:33:34 +1000
Processing by PagesController#dashboard as HTML
  [1m[36mUser Load (0.1ms)[0m  [1m[34mSELECT "users".* FROM "users" WHERE "users"."id" = 1 LIMIT 1 /*action='dashboard',application='FantastyF1League',controller='pages'*/[0m
  ↳ app/controllers/application_controller.rb:7:in 'ApplicationController#current_user'
  Rendering layout layouts/application.html.erb
  Rendering pages/dashboard.html.erb within layouts/application
  Rendered pages/dashboard.html.erb within layouts/application (Duration: 0.3ms | GC: 0.0ms)
  Rendered layout layouts/application.html.erb (Duration: 3.1ms | GC: 0.0ms)
Completed 200 OK in 37ms (Views: 4.3ms | ActiveRecord: 0.1ms (1 query, 0 cached) | GC: 0.0ms)


Started GET "/dashboard" for ::1 at 2025-08-02 21:33:55 +1000
Processing by PagesController#dashboard as HTML
  [1m[36mUser Load (0.2ms)[0m  [1m[34mSELECT "users".* FROM "users" WHERE "users"."id" = 1 LIMIT 1 /*action='dashboard',application='FantastyF1League',controller='pages'*/[0m
  ↳ app/controllers/application_controller.rb:7:in 'ApplicationController#current_user'
  Rendering layout layouts/application.html.erb
  Rendering pages/dashboard.html.erb within layouts/application
  Rendered pages/dashboard.html.erb within layouts/application (Duration: 4.4ms | GC: 0.0ms)
  Rendered layout layouts/application.html.erb (Duration: 17.8ms | GC: 0.2ms)
Completed 200 OK in 80ms (Views: 29.3ms | ActiveRecord: 2.6ms (1 query, 0 cached) | GC: 0.5ms)


Started GET "/dashboard" for ::1 at 2025-08-02 21:34:33 +1000
Processing by PagesController#dashboard as HTML
  [1m[36mUser Load (0.2ms)[0m  [1m[34mSELECT "users".* FROM "users" WHERE "users"."id" = 1 LIMIT 1 /*action='dashboard',application='FantastyF1League',controller='pages'*/[0m
  ↳ app/controllers/application_controller.rb:7:in 'ApplicationController#current_user'
  Rendering layout layouts/application.html.erb
  Rendering pages/dashboard.html.erb within layouts/application
  Rendered pages/dashboard.html.erb within layouts/application (Duration: 1.9ms | GC: 0.0ms)
  Rendered layout layouts/application.html.erb (Duration: 9.3ms | GC: 0.0ms)
Completed 200 OK in 62ms (Views: 16.5ms | ActiveRecord: 2.5ms (1 query, 0 cached) | GC: 0.0ms)


Started GET "/dashboard" for ::1 at 2025-08-02 21:35:02 +1000
Processing by PagesController#dashboard as HTML
  [1m[36mUser Load (0.2ms)[0m  [1m[34mSELECT "users".* FROM "users" WHERE "users"."id" = 1 LIMIT 1 /*action='dashboard',application='FantastyF1League',controller='pages'*/[0m
  ↳ app/controllers/application_controller.rb:7:in 'ApplicationController#current_user'
  Rendering layout layouts/application.html.erb
  Rendering pages/dashboard.html.erb within layouts/application
  Rendered pages/dashboard.html.erb within layouts/application (Duration: 2.2ms | GC: 0.0ms)
  Rendered layout layouts/application.html.erb (Duration: 16.9ms | GC: 0.0ms)
Completed 200 OK in 69ms (Views: 24.1ms | ActiveRecord: 2.5ms (1 query, 0 cached) | GC: 1.6ms)


Started GET "/dashboard" for ::1 at 2025-08-02 21:35:03 +1000
Processing by PagesController#dashboard as HTML
  [1m[36mUser Load (0.2ms)[0m  [1m[34mSELECT "users".* FROM "users" WHERE "users"."id" = 1 LIMIT 1 /*action='dashboard',application='FantastyF1League',controller='pages'*/[0m
  ↳ app/controllers/application_controller.rb:7:in 'ApplicationController#current_user'
  Rendering layout layouts/application.html.erb
  Rendering pages/dashboard.html.erb within layouts/application
  Rendered pages/dashboard.html.erb within layouts/application (Duration: 0.4ms | GC: 0.0ms)
  Rendered layout layouts/application.html.erb (Duration: 1.8ms | GC: 0.0ms)
Completed 200 OK in 26ms (Views: 2.8ms | ActiveRecord: 0.1ms (1 query, 0 cached) | GC: 0.0ms)


Started GET "/dashboard" for ::1 at 2025-08-02 21:35:35 +1000
Processing by PagesController#dashboard as HTML
  [1m[36mUser Load (0.2ms)[0m  [1m[34mSELECT "users".* FROM "users" WHERE "users"."id" = 1 LIMIT 1 /*action='dashboard',application='FantastyF1League',controller='pages'*/[0m
  ↳ app/controllers/application_controller.rb:7:in 'ApplicationController#current_user'
  Rendering layout layouts/application.html.erb
  Rendering pages/dashboard.html.erb within layouts/application
  Rendered pages/dashboard.html.erb within layouts/application (Duration: 1.6ms | GC: 0.0ms)
  Rendered layout layouts/application.html.erb (Duration: 8.0ms | GC: 0.0ms)
Completed 200 OK in 55ms (Views: 12.5ms | ActiveRecord: 2.9ms (1 query, 0 cached) | GC: 0.7ms)


Started GET "/dashboard" for ::1 at 2025-08-02 21:36:38 +1000
Processing by PagesController#dashboard as HTML
  [1m[36mUser Load (0.1ms)[0m  [1m[34mSELECT "users".* FROM "users" WHERE "users"."id" = 1 LIMIT 1 /*action='dashboard',application='FantastyF1League',controller='pages'*/[0m
  ↳ app/controllers/application_controller.rb:7:in 'ApplicationController#current_user'
  Rendering layout layouts/application.html.erb
  Rendering pages/dashboard.html.erb within layouts/application
  Rendered pages/dashboard.html.erb within layouts/application (Duration: 1.2ms | GC: 0.0ms)
  Rendered layout layouts/application.html.erb (Duration: 7.0ms | GC: 0.0ms)
Completed 200 OK in 53ms (Views: 17.8ms | ActiveRecord: 2.1ms (1 query, 0 cached) | GC: 0.0ms)


Started GET "/dashboard" for ::1 at 2025-08-02 21:37:50 +1000
Processing by PagesController#dashboard as HTML
  [1m[36mUser Load (0.2ms)[0m  [1m[34mSELECT "users".* FROM "users" WHERE "users"."id" = 1 LIMIT 1 /*action='dashboard',application='FantastyF1League',controller='pages'*/[0m
  ↳ app/controllers/application_controller.rb:7:in 'ApplicationController#current_user'
  Rendering layout layouts/application.html.erb
  Rendering pages/dashboard.html.erb within layouts/application
  Rendered pages/dashboard.html.erb within layouts/application (Duration: 1.3ms | GC: 0.0ms)
  Rendered layout layouts/application.html.erb (Duration: 7.1ms | GC: 0.0ms)
Completed 200 OK in 51ms (Views: 12.7ms | ActiveRecord: 3.6ms (1 query, 0 cached) | GC: 1.2ms)


Started GET "/dashboard" for ::1 at 2025-08-02 21:38:22 +1000
Processing by PagesController#dashboard as HTML
  [1m[36mUser Load (0.2ms)[0m  [1m[34mSELECT "users".* FROM "users" WHERE "users"."id" = 1 LIMIT 1 /*action='dashboard',application='FantastyF1League',controller='pages'*/[0m
  ↳ app/controllers/application_controller.rb:7:in 'ApplicationController#current_user'
  Rendering layout layouts/application.html.erb
  Rendering pages/dashboard.html.erb within layouts/application
  Rendered pages/dashboard.html.erb within layouts/application (Duration: 3.6ms | GC: 0.0ms)
  Rendered layout layouts/application.html.erb (Duration: 11.8ms | GC: 0.3ms)
Completed 200 OK in 79ms (Views: 18.2ms | ActiveRecord: 2.4ms (1 query, 0 cached) | GC: 0.7ms)


Started GET "/logout" for ::1 at 2025-08-02 21:39:04 +1000
  
ActionController::RoutingError (No route matches [GET] "/logout"):
  
Started GET "/logout" for ::1 at 2025-08-02 21:39:44 +1000
  
ActionController::RoutingError (No route matches [GET] "/logout"):
  
Started GET "/dashboard" for ::1 at 2025-08-02 21:39:46 +1000
Processing by PagesController#dashboard as HTML
  [1m[36mUser Load (0.1ms)[0m  [1m[34mSELECT "users".* FROM "users" WHERE "users"."id" = 1 LIMIT 1 /*action='dashboard',application='FantastyF1League',controller='pages'*/[0m
  ↳ app/controllers/application_controller.rb:7:in 'ApplicationController#current_user'
  Rendering layout layouts/application.html.erb
  Rendering pages/dashboard.html.erb within layouts/application
  Rendered pages/dashboard.html.erb within layouts/application (Duration: 9.6ms | GC: 0.0ms)
  Rendered layout layouts/application.html.erb (Duration: 19.0ms | GC: 1.0ms)
Completed 200 OK in 62ms (Views: 25.5ms | ActiveRecord: 2.7ms (1 query, 0 cached) | GC: 1.7ms)


Started GET "/logout" for ::1 at 2025-08-02 21:39:48 +1000
  
ActionController::RoutingError (No route matches [GET] "/logout"):
  
Started GET "/logout" for ::1 at 2025-08-02 21:39:52 +1000
  
ActionController::RoutingError (No route matches [GET] "/logout"):
  
Started GET "/logout" for ::1 at 2025-08-02 21:39:55 +1000
  
ActionController::RoutingError (No route matches [GET] "/logout"):
  
Started GET "/" for ::1 at 2025-08-02 21:39:58 +1000
Processing by PagesController#home as HTML
  Rendering layout layouts/application.html.erb
  Rendering pages/home.html.erb within layouts/application
  Rendered pages/home.html.erb within layouts/application (Duration: 1.4ms | GC: 0.0ms)
  Rendered layout layouts/application.html.erb (Duration: 4.1ms | GC: 0.0ms)
Completed 200 OK in 32ms (Views: 5.5ms | ActiveRecord: 0.0ms (0 queries, 0 cached) | GC: 0.0ms)


Started GET "/login" for ::1 at 2025-08-02 21:40:00 +1000
Processing by PagesController#login as HTML
  Rendering layout layouts/application.html.erb
  Rendering pages/login.html.erb within layouts/application
  Rendered pages/login.html.erb within layouts/application (Duration: 1.0ms | GC: 0.0ms)
  Rendered layout layouts/application.html.erb (Duration: 2.2ms | GC: 0.0ms)
Completed 200 OK in 29ms (Views: 3.1ms | ActiveRecord: 0.0ms (0 queries, 0 cached) | GC: 0.0ms)


Started POST "/sessions" for ::1 at 2025-08-02 21:40:01 +1000
Processing by SessionsController#create as TURBO_STREAM
  Parameters: {"authenticity_token" => "[FILTERED]", "login" => {"email_or_username" => "[FILTERED]", "password" => "[FILTERED]"}}
  [1m[36mUser Load (0.2ms)[0m  [1m[34mSELECT "users".* FROM "users" WHERE "users"."email" = 'SidathPeiris' LIMIT 1 /*action='create',application='FantastyF1League',controller='sessions'*/[0m
  ↳ app/controllers/sessions_controller.rb:7:in 'SessionsController#create'
  [1m[36mUser Load (0.1ms)[0m  [1m[34mSELECT "users".* FROM "users" WHERE "users"."username" = 'SidathPeiris' LIMIT 1 /*action='create',application='FantastyF1League',controller='sessions'*/[0m
  ↳ app/controllers/sessions_controller.rb:7:in 'SessionsController#create'
Redirected to http://localhost:3000/dashboard
Completed 302 Found in 284ms (ActiveRecord: 0.3ms (2 queries, 0 cached) | GC: 0.0ms)


Started GET "/dashboard" for ::1 at 2025-08-02 21:40:01 +1000
Processing by PagesController#dashboard as TURBO_STREAM
  [1m[36mUser Load (0.2ms)[0m  [1m[34mSELECT "users".* FROM "users" WHERE "users"."id" = 1 LIMIT 1 /*action='dashboard',application='FantastyF1League',controller='pages'*/[0m
  ↳ app/controllers/application_controller.rb:7:in 'ApplicationController#current_user'
  Rendering layout layouts/application.html.erb
  Rendering pages/dashboard.html.erb within layouts/application
  Rendered pages/dashboard.html.erb within layouts/application (Duration: 1.8ms | GC: 0.0ms)
  Rendered layout layouts/application.html.erb (Duration: 4.1ms | GC: 0.0ms)
Completed 200 OK in 27ms (Views: 5.5ms | ActiveRecord: 0.2ms (1 query, 0 cached) | GC: 0.0ms)


Started GET "/logout" for ::1 at 2025-08-02 21:40:03 +1000
  
ActionController::RoutingError (No route matches [GET] "/logout"):
  
Started GET "/dashboard" for ::1 at 2025-08-02 21:40:38 +1000
Processing by PagesController#dashboard as HTML
  [1m[36mUser Load (0.2ms)[0m  [1m[34mSELECT "users".* FROM "users" WHERE "users"."id" = 1 LIMIT 1 /*action='dashboard',application='FantastyF1League',controller='pages'*/[0m
  ↳ app/controllers/application_controller.rb:7:in 'ApplicationController#current_user'
  Rendering layout layouts/application.html.erb
  Rendering pages/dashboard.html.erb within layouts/application
  Rendered pages/dashboard.html.erb within layouts/application (Duration: 3.5ms | GC: 0.0ms)
  Rendered layout layouts/application.html.erb (Duration: 8.1ms | GC: 0.0ms)
Completed 200 OK in 57ms (Views: 14.3ms | ActiveRecord: 2.5ms (1 query, 0 cached) | GC: 0.0ms)


Started DELETE "/logout?_method=delete" for ::1 at 2025-08-02 21:40:40 +1000
Processing by SessionsController#destroy as TURBO_STREAM
Redirected to http://localhost:3000/
Completed 302 Found in 20ms (ActiveRecord: 0.0ms (0 queries, 0 cached) | GC: 0.0ms)


Started GET "/" for ::1 at 2025-08-02 21:40:40 +1000
Processing by PagesController#home as TURBO_STREAM
  Rendering layout layouts/application.html.erb
  Rendering pages/home.html.erb within layouts/application
  Rendered pages/home.html.erb within layouts/application (Duration: 1.0ms | GC: 0.0ms)
  Rendered layout layouts/application.html.erb (Duration: 3.6ms | GC: 0.0ms)
Completed 200 OK in 21ms (Views: 4.5ms | ActiveRecord: 0.0ms (0 queries, 0 cached) | GC: 0.0ms)


Started GET "/login" for ::1 at 2025-08-02 21:40:41 +1000
Processing by PagesController#login as HTML
  Rendering layout layouts/application.html.erb
  Rendering pages/login.html.erb within layouts/application
  Rendered pages/login.html.erb within layouts/application (Duration: 4.7ms | GC: 0.0ms)
  Rendered layout layouts/application.html.erb (Duration: 7.1ms | GC: 0.0ms)
Completed 200 OK in 29ms (Views: 8.7ms | ActiveRecord: 0.0ms (0 queries, 0 cached) | GC: 0.0ms)


Started POST "/sessions" for ::1 at 2025-08-02 21:40:43 +1000
Processing by SessionsController#create as TURBO_STREAM
  Parameters: {"authenticity_token" => "[FILTERED]", "login" => {"email_or_username" => "[FILTERED]", "password" => "[FILTERED]"}}
  [1m[36mUser Load (0.4ms)[0m  [1m[34mSELECT "users".* FROM "users" WHERE "users"."email" = 'SidathPeiris' LIMIT 1 /*action='create',application='FantastyF1League',controller='sessions'*/[0m
  ↳ app/controllers/sessions_controller.rb:7:in 'SessionsController#create'
  [1m[36mUser Load (0.3ms)[0m  [1m[34mSELECT "users".* FROM "users" WHERE "users"."username" = 'SidathPeiris' LIMIT 1 /*action='create',application='FantastyF1League',controller='sessions'*/[0m
  ↳ app/controllers/sessions_controller.rb:7:in 'SessionsController#create'
Redirected to http://localhost:3000/dashboard
Completed 302 Found in 281ms (ActiveRecord: 2.6ms (2 queries, 0 cached) | GC: 0.9ms)


Started GET "/dashboard" for ::1 at 2025-08-02 21:40:43 +1000
Processing by PagesController#dashboard as TURBO_STREAM
  [1m[36mUser Load (0.2ms)[0m  [1m[34mSELECT "users".* FROM "users" WHERE "users"."id" = 1 LIMIT 1 /*action='dashboard',application='FantastyF1League',controller='pages'*/[0m
  ↳ app/controllers/application_controller.rb:7:in 'ApplicationController#current_user'
  Rendering layout layouts/application.html.erb
  Rendering pages/dashboard.html.erb within layouts/application
  Rendered pages/dashboard.html.erb within layouts/application (Duration: 3.8ms | GC: 0.4ms)
  Rendered layout layouts/application.html.erb (Duration: 8.0ms | GC: 0.4ms)
Completed 200 OK in 46ms (Views: 16.4ms | ActiveRecord: 0.2ms (1 query, 0 cached) | GC: 0.4ms)


